<?xml version="1.0" encoding="UTF-8"?>
<testng-results skipped="0" failed="0" ignored="0" total="1" passed="1">
  <reporter-output>
  </reporter-output>
  <suite name="Default suite" duration-ms="46881" started-at="2019-09-04T06:41:57Z" finished-at="2019-09-04T06:42:44Z">
    <groups>
    </groups>
    <test name="Default test" duration-ms="46881" started-at="2019-09-04T06:41:57Z" finished-at="2019-09-04T06:42:44Z">
      <class name="Test_4_sep_with_TestNG">
        <test-method status="PASS" signature="launchBrowser()[pri:0, instance:Test_4_sep_with_TestNG@548b7f67]" name="launchBrowser" is-config="true" duration-ms="6455" started-at="2019-09-04T12:11:57Z" finished-at="2019-09-04T12:12:03Z">
          <reporter-output>
          </reporter-output>
        </test-method> <!-- launchBrowser -->
        <test-method status="PASS" signature="sbiregistration()[pri:0, instance:Test_4_sep_with_TestNG@548b7f67]" name="sbiregistration" duration-ms="39718" started-at="2019-09-04T12:12:03Z" finished-at="2019-09-04T12:12:43Z">
          <reporter-output>
          </reporter-output>
        </test-method> <!-- sbiregistration -->
        <test-method status="PASS" signature="closeBrowser()[pri:0, instance:Test_4_sep_with_TestNG@548b7f67]" name="closeBrowser" is-config="true" duration-ms="675" started-at="2019-09-04T12:12:43Z" finished-at="2019-09-04T12:12:44Z">
          <reporter-output>
          </reporter-output>
        </test-method> <!-- closeBrowser -->
      </class> <!-- Test_4_sep_with_TestNG -->
    </test> <!-- Default test -->
  </suite> <!-- Default suite -->
</testng-results>
